<?xml version="1.0" encoding="UTF-8"?>
<!-- Generated by org.testng.reporters.JUnitXMLReporter -->
<testsuite hostname="DESKTOP-KIH8VHJ" ignored="0" name="Default test" tests="10" failures="0" timestamp="2021-11-20T22:33:51 IST" time="149.669" errors="0">
  <testcase name="Allofit" time="34.321" classname="Runner.BigSmall"/>
  <testcase name="searchprod" time="12.393" classname="Runner.BigSmall"/>
  <testcase name="birthdaygifts" time="10.216" classname="Runner.BigSmall"/>
  <testcase name="shopbycategory" time="9.423" classname="Runner.BigSmall"/>
  <testcase name="Homeandlifestyle" time="9.629" classname="Runner.BigSmall"/>
  <testcase name="OfficialMerchandise" time="8.63" classname="Runner.BigSmall"/>
  <testcase name="WhatsNew" time="7.7" classname="Runner.BigSmall"/>
  <testcase name="PersonalizedGifts" time="14.329" classname="Runner.BigSmall"/>
  <testcase name="CorporateGifts" time="8.178" classname="Runner.BigSmall"/>
  <testcase name="ChristmasGifts" time="15.276" classname="Runner.BigSmall"/>
</testsuite> <!-- Default test -->
