<?xml version="1.0" encoding="UTF-8"?>
<!-- Generated by org.testng.reporters.JUnitXMLReporter -->
<testsuite hostname="DESKTOP-KIH8VHJ" ignored="0" name="Test" tests="10" failures="0" timestamp="2021-11-20T22:46:09 IST" time="97.092" errors="0">
  <testcase name="Allofit" time="9.325" classname="Runner.BigSmall"/>
  <testcase name="searchprod" time="9.615" classname="Runner.BigSmall"/>
  <testcase name="birthdaygifts" time="9.56" classname="Runner.BigSmall"/>
  <testcase name="shopbycategory" time="7.97" classname="Runner.BigSmall"/>
  <testcase name="Homeandlifestyle" time="7.959" classname="Runner.BigSmall"/>
  <testcase name="OfficialMerchandise" time="8.448" classname="Runner.BigSmall"/>
  <testcase name="WhatsNew" time="7.576" classname="Runner.BigSmall"/>
  <testcase name="PersonalizedGifts" time="12.32" classname="Runner.BigSmall"/>
  <testcase name="CorporateGifts" time="8.375" classname="Runner.BigSmall"/>
  <testcase name="ChristmasGifts" time="11.641" classname="Runner.BigSmall"/>
</testsuite> <!-- Test -->
