<?xml version="1.0" encoding="UTF-8"?>
<testng-results skipped="0" failed="0" ignored="0" total="1" passed="1">
  <reporter-output>
  </reporter-output>
  <suite name="Suite" duration-ms="35735" started-at="2021-11-18T14:43:09 IST" finished-at="2021-11-18T14:43:44 IST">
    <groups>
    </groups>
    <test name="Test" duration-ms="35735" started-at="2021-11-18T14:43:09 IST" finished-at="2021-11-18T14:43:44 IST">
      <class name="Runner.BigSmall">
        <test-method status="PASS" signature="initialize()[pri:0, instance:Runner.BigSmall@6a4f787b]" name="initialize" is-config="true" duration-ms="20563" started-at="2021-11-18T14:43:09 IST" finished-at="2021-11-18T14:43:29 IST">
          <reporter-output>
          </reporter-output>
        </test-method> <!-- initialize -->
        <test-method status="PASS" signature="search()[pri:0, instance:Runner.BigSmall@6a4f787b]" name="search" duration-ms="15096" started-at="2021-11-18T14:43:29 IST" finished-at="2021-11-18T14:43:44 IST">
          <reporter-output>
          </reporter-output>
        </test-method> <!-- search -->
      </class> <!-- Runner.BigSmall -->
    </test> <!-- Test -->
  </suite> <!-- Suite -->
</testng-results>
